<?xml version="1.0" encoding="UTF-8"?>
<!-- Generated by org.testng.reporters.JUnitReportReporter -->
<testsuite hostname="Mukul" failures="0" tests="1" name="sauce.practice.SauceDemo" time="13.476" errors="0" timestamp="2024-04-24T22:22:21 IST" skipped="0">
  <testcase classname="sauce.practice.SauceDemo" name="testSauceDemo" time="13.476"/>
  <system-out/>
</testsuite> <!-- sauce.practice.SauceDemo -->
